0 info it worked if it ends with ok
1 verbose cli [
1 verbose cli   '/usr/local/bin/node',
1 verbose cli   '/usr/local/bin/npm',
1 verbose cli   'run',
1 verbose cli   'test',
1 verbose cli   '--no-cache'
1 verbose cli ]
2 info using npm@6.14.6
3 info using node@v12.18.3
4 verbose run-script [ 'pretest', 'test', 'posttest' ]
5 info lifecycle travel-app@1.0.0~pretest: travel-app@1.0.0
6 info lifecycle travel-app@1.0.0~test: travel-app@1.0.0
7 verbose lifecycle travel-app@1.0.0~test: unsafe-perm in lifecycle true
8 verbose lifecycle travel-app@1.0.0~test: PATH: /usr/local/lib/node_modules/npm/node_modules/npm-lifecycle/node-gyp-bin:/Users/jasondonmoyer/Desktop/Udacity-FEND-Projects/Travel-App/node_modules/.bin:/Users/jasondonmoyer/.rvm/gems/ruby-2.4.0/bin:/Users/jasondonmoyer/.rvm/gems/ruby-2.4.0@global/bin:/Users/jasondonmoyer/.rvm/rubies/ruby-2.4.0/bin:/Library/Frameworks/Python.framework/Versions/3.8/bin:/usr/local/bin:/usr/bin:/bin:/usr/sbin:/sbin:/Library/Apple/usr/bin:/Library/Frameworks/Mono.framework/Versions/Current/Commands:/Applications/flutter/bin:/Users/jasondonmoyer/.rvm/bin
9 verbose lifecycle travel-app@1.0.0~test: CWD: /Users/jasondonmoyer/Desktop/Udacity-FEND-Projects/Travel-App
10 silly lifecycle travel-app@1.0.0~test: Args: [ '-c', 'jest' ]
11 silly lifecycle travel-app@1.0.0~test: Returned: code: 1  signal: null
12 info lifecycle travel-app@1.0.0~test: Failed to exec test script
13 verbose stack Error: travel-app@1.0.0 test: `jest`
13 verbose stack Exit status 1
13 verbose stack     at EventEmitter.<anonymous> (/usr/local/lib/node_modules/npm/node_modules/npm-lifecycle/index.js:332:16)
13 verbose stack     at EventEmitter.emit (events.js:315:20)
13 verbose stack     at ChildProcess.<anonymous> (/usr/local/lib/node_modules/npm/node_modules/npm-lifecycle/lib/spawn.js:55:14)
13 verbose stack     at ChildProcess.emit (events.js:315:20)
13 verbose stack     at maybeClose (internal/child_process.js:1021:16)
13 verbose stack     at Process.ChildProcess._handle.onexit (internal/child_process.js:286:5)
14 verbose pkgid travel-app@1.0.0
15 verbose cwd /Users/jasondonmoyer/Desktop/Udacity-FEND-Projects/Travel-App
16 verbose Darwin 19.6.0
17 verbose argv "/usr/local/bin/node" "/usr/local/bin/npm" "run" "test" "--no-cache"
18 verbose node v12.18.3
19 verbose npm  v6.14.6
20 error code ELIFECYCLE
21 error errno 1
22 error travel-app@1.0.0 test: `jest`
22 error Exit status 1
23 error Failed at the travel-app@1.0.0 test script.
23 error This is probably not a problem with npm. There is likely additional logging output above.
24 verbose exit [ 1, true ]
